[DEBUG] 2016-05-09 14:30:45,357 simpleDetecter.py commandLine: Namespace(file='/home/garfy/Desktop/5c83f6cbd26e65bbabbad1c2b7381a1a.apk')
[DEBUG] 2016-05-09 14:30:45,357 xmlExtracter.py extract: /home/garfy/Desktop/5c83f6cbd26e65bbabbad1c2b7381a1a.apk extracting...
[DEBUG] 2016-05-09 14:30:45,385 xmlParser.py parseString: xmlString parsing...
[INFO] 2016-05-09 14:30:45,386 simpleDetecter.py test: Test finish.
[INFO] 2016-05-09 14:30:45,386 simpleDetecter.py test: result: 16.49
[DEBUG] 2016-05-09 14:32:13,149 simpleDetecter.py commandLine: Namespace(file='/home/garfy/Desktop/5c83f6cbd26e65bbabbad1c2b7381a1a.apk')
[DEBUG] 2016-05-09 14:32:13,150 xmlExtracter.py extract: /home/garfy/Desktop/5c83f6cbd26e65bbabbad1c2b7381a1a.apk extracting...
[DEBUG] 2016-05-09 14:32:13,158 xmlParser.py parseString: xmlString parsing...
[INFO] 2016-05-09 14:32:13,159 simpleDetecter.py test: Test finish.
[INFO] 2016-05-09 14:32:13,159 simpleDetecter.py test: result: 16.49
[DEBUG] 2016-05-09 14:32:27,575 simpleDetecter.py commandLine: Namespace(file='/home/garfy/Desktop/5c83f6cbd26e65bbabbad1c2b7381a1a.apk')
[DEBUG] 2016-05-09 14:32:27,576 xmlExtracter.py extract: /home/garfy/Desktop/5c83f6cbd26e65bbabbad1c2b7381a1a.apk extracting...
[DEBUG] 2016-05-09 14:32:27,584 xmlParser.py parseString: xmlString parsing...
[INFO] 2016-05-09 14:32:27,585 simpleDetecter.py test: Test finish.
[INFO] 2016-05-09 14:32:27,585 simpleDetecter.py test: result: 16.49
[DEBUG] 2016-05-09 14:32:44,889 simpleDetecter.py commandLine: Namespace(file='/home/garfy/Desktop/5c83f6cbd26e65bbabbad1c2b7381a1a.apk')
[DEBUG] 2016-05-09 14:32:44,890 xmlExtracter.py extract: /home/garfy/Desktop/5c83f6cbd26e65bbabbad1c2b7381a1a.apk extracting...
[DEBUG] 2016-05-09 14:32:44,898 xmlParser.py parseString: xmlString parsing...
[INFO] 2016-05-09 14:32:44,899 simpleDetecter.py test: Test finish.
[INFO] 2016-05-09 14:32:44,899 simpleDetecter.py test: result: 16.49
[DEBUG] 2016-05-09 14:33:21,722 simpleDetecter.py commandLine: Namespace(file='/home/garfy/Desktop/5c83f6cbd26e65bbabbad1c2b7381a1a.apk')
[DEBUG] 2016-05-09 14:33:21,722 xmlExtracter.py extract: /home/garfy/Desktop/5c83f6cbd26e65bbabbad1c2b7381a1a.apk extracting...
[DEBUG] 2016-05-09 14:33:21,731 xmlParser.py parseString: xmlString parsing...
[INFO] 2016-05-09 14:33:21,732 simpleDetecter.py test: Test finish.
[INFO] 2016-05-09 14:33:21,732 simpleDetecter.py test: result: 16.49
[DEBUG] 2016-05-09 14:33:38,019 simpleDetecter.py commandLine: Namespace(file='/home/garfy/Desktop/5c83f6cbd26e65bbabbad1c2b7381a1a.apk')
[DEBUG] 2016-05-09 14:33:38,019 xmlExtracter.py extract: /home/garfy/Desktop/5c83f6cbd26e65bbabbad1c2b7381a1a.apk extracting...
[DEBUG] 2016-05-09 14:33:38,028 xmlParser.py parseString: xmlString parsing...
[INFO] 2016-05-09 14:33:38,028 simpleDetecter.py test: Test finish.
[INFO] 2016-05-09 14:33:38,029 simpleDetecter.py test: result: 16.49
